# JRE version: OpenJDK Runtime Environment (8.0_151-b12) (build 1.8.0_151-8u151-b12-0ubuntu0.16.04.2-b12)
# Java VM: OpenJDK 64-Bit Server VM (25.151-b12 mixed mode linux-amd64 compressed oops)
Heap:
 def new generation   total 9792K, used 792K [0x00000000e0c00000, 0x00000000e16a0000, 0x00000000eb2a0000)
  eden space 8704K,   4% used [0x00000000e0c00000, 0x00000000e0c5c840, 0x00000000e1480000)
  from space 1088K,  38% used [0x00000000e1480000, 0x00000000e14e9a80, 0x00000000e1590000)
  to   space 1088K,   0% used [0x00000000e1590000, 0x00000000e1590000, 0x00000000e16a0000)
 tenured generation   total 21888K, used 3973K [0x00000000eb2a0000, 0x00000000ec800000, 0x0000000100000000)
   the space 21888K,  18% used [0x00000000eb2a0000, 0x00000000eb681770, 0x00000000eb681800, 0x00000000ec800000)
 Metaspace       used 11902K, capacity 12150K, committed 12288K, reserved 1060864K
  class space    used 1369K, capacity 1435K, committed 1536K, reserved 1048576K
GC Heap History (8 events):
Event: 0.484 GC heap before
{Heap before GC invocations=0 (full 0):
 def new generation   total 9792K, used 8704K [0x00000000e0c00000, 0x00000000e16a0000, 0x00000000eb2a0000)
  eden space 8704K, 100% used [0x00000000e0c00000, 0x00000000e1480000, 0x00000000e1480000)
  from space 1088K,   0% used [0x00000000e1480000, 0x00000000e1480000, 0x00000000e1590000)
  to   space 1088K,   0% used [0x00000000e1590000, 0x00000000e1590000, 0x00000000e16a0000)
 tenured generation   total 21888K, used 0K [0x00000000eb2a0000, 0x00000000ec800000, 0x0000000100000000)
   the space 21888K,   0% used [0x00000000eb2a0000, 0x00000000eb2a0000, 0x00000000eb2a0200, 0x00000000ec800000)
 Metaspace       used 4886K, capacity 5664K, committed 5760K, reserved 1056768K
  class space    used 546K, capacity 592K, committed 640K, reserved 1048576K
Event: 0.487 GC heap after
Heap after GC invocations=1 (full 0):
 def new generation   total 9792K, used 1088K [0x00000000e0c00000, 0x00000000e16a0000, 0x00000000eb2a0000)
  eden space 8704K,   0% used [0x00000000e0c00000, 0x00000000e0c00000, 0x00000000e1480000)
  from space 1088K, 100% used [0x00000000e1590000, 0x00000000e16a0000, 0x00000000e16a0000)
  to   space 1088K,   0% used [0x00000000e1480000, 0x00000000e1480000, 0x00000000e1590000)
 tenured generation   total 21888K, used 361K [0x00000000eb2a0000, 0x00000000ec800000, 0x0000000100000000)
   the space 21888K,   1% used [0x00000000eb2a0000, 0x00000000eb2fa4f0, 0x00000000eb2fa600, 0x00000000ec800000)
 Metaspace       used 4886K, capacity 5664K, committed 5760K, reserved 1056768K
  class space    used 546K, capacity 592K, committed 640K, reserved 1048576K
}
Event: 1.029 GC heap before
{Heap before GC invocations=1 (full 0):
 def new generation   total 9792K, used 9792K [0x00000000e0c00000, 0x00000000e16a0000, 0x00000000eb2a0000)
  eden space 8704K, 100% used [0x00000000e0c00000, 0x00000000e1480000, 0x00000000e1480000)
  from space 1088K, 100% used [0x00000000e1590000, 0x00000000e16a0000, 0x00000000e16a0000)
  to   space 1088K,   0% used [0x00000000e1480000, 0x00000000e1480000, 0x00000000e1590000)
 tenured generation   total 21888K, used 361K [0x00000000eb2a0000, 0x00000000ec800000, 0x0000000100000000)
   the space 21888K,   1% used [0x00000000eb2a0000, 0x00000000eb2fa4f0, 0x00000000eb2fa600, 0x00000000ec800000)
 Metaspace       used 7569K, capacity 7862K, committed 8192K, reserved 1056768K
  class space    used 871K, capacity 923K, committed 1024K, reserved 1048576K
Event: 1.033 GC heap after
Heap after GC invocations=2 (full 0):
 def new generation   total 9792K, used 1087K [0x00000000e0c00000, 0x00000000e16a0000, 0x00000000eb2a0000)
  eden space 8704K,   0% used [0x00000000e0c00000, 0x00000000e0c00000, 0x00000000e1480000)
  from space 1088K,  99% used [0x00000000e1480000, 0x00000000e158fff0, 0x00000000e1590000)
  to   space 1088K,   0% used [0x00000000e1590000, 0x00000000e1590000, 0x00000000e16a0000)
 tenured generation   total 21888K, used 1491K [0x00000000eb2a0000, 0x00000000ec800000, 0x0000000100000000)
   the space 21888K,   6% used [0x00000000eb2a0000, 0x00000000eb414c68, 0x00000000eb414e00, 0x00000000ec800000)
 Metaspace       used 7569K, capacity 7862K, committed 8192K, reserved 1056768K
  class space    used 871K, capacity 923K, committed 1024K, reserved 1048576K
}
Event: 1.529 GC heap before
{Heap before GC invocations=2 (full 0):
 def new generation   total 9792K, used 9791K [0x00000000e0c00000, 0x00000000e16a0000, 0x00000000eb2a0000)
  eden space 8704K, 100% used [0x00000000e0c00000, 0x00000000e1480000, 0x00000000e1480000)
  from space 1088K,  99% used [0x00000000e1480000, 0x00000000e158fff0, 0x00000000e1590000)
  to   space 1088K,   0% used [0x00000000e1590000, 0x00000000e1590000, 0x00000000e16a0000)
 tenured generation   total 21888K, used 1491K [0x00000000eb2a0000, 0x00000000ec800000, 0x0000000100000000)
   the space 21888K,   6% used [0x00000000eb2a0000, 0x00000000eb414c68, 0x00000000eb414e00, 0x00000000ec800000)
 Metaspace       used 10800K, capacity 11126K, committed 11392K, reserved 1058816K
  class space    used 1223K, capacity 1307K, committed 1408K, reserved 1048576K
Event: 1.533 GC heap after
Heap after GC invocations=3 (full 0):
 def new generation   total 9792K, used 1088K [0x00000000e0c00000, 0x00000000e16a0000, 0x00000000eb2a0000)
  eden space 8704K,   0% used [0x00000000e0c00000, 0x00000000e0c00000, 0x00000000e1480000)
  from space 1088K, 100% used [0x00000000e1590000, 0x00000000e16a0000, 0x00000000e16a0000)
  to   space 1088K,   0% used [0x00000000e1480000, 0x00000000e1480000, 0x00000000e1590000)
 tenured generation   total 21888K, used 2913K [0x00000000eb2a0000, 0x00000000ec800000, 0x0000000100000000)
   the space 21888K,  13% used [0x00000000eb2a0000, 0x00000000eb578408, 0x00000000eb578600, 0x00000000ec800000)
 Metaspace       used 10800K, capacity 11126K, committed 11392K, reserved 1058816K
  class space    used 1223K, capacity 1307K, committed 1408K, reserved 1048576K
}
Event: 2.214 GC heap before
{Heap before GC invocations=3 (full 0):
 def new generation   total 9792K, used 9792K [0x00000000e0c00000, 0x00000000e16a0000, 0x00000000eb2a0000)
  eden space 8704K, 100% used [0x00000000e0c00000, 0x00000000e1480000, 0x00000000e1480000)
  from space 1088K, 100% used [0x00000000e1590000, 0x00000000e16a0000, 0x00000000e16a0000)
  to   space 1088K,   0% used [0x00000000e1480000, 0x00000000e1480000, 0x00000000e1590000)
 tenured generation   total 21888K, used 2913K [0x00000000eb2a0000, 0x00000000ec800000, 0x0000000100000000)
   the space 21888K,  13% used [0x00000000eb2a0000, 0x00000000eb578408, 0x00000000eb578600, 0x00000000ec800000)
 Metaspace       used 11882K, capacity 12150K, committed 12288K, reserved 1060864K
  class space    used 1366K, capacity 1435K, committed 1536K, reserved 1048576K
Event: 2.217 GC heap after
Heap after GC invocations=4 (full 0):
 def new generation   total 9792K, used 422K [0x00000000e0c00000, 0x00000000e16a0000, 0x00000000eb2a0000)
  eden space 8704K,   0% used [0x00000000e0c00000, 0x00000000e0c00000, 0x00000000e1480000)
  from space 1088K,  38% used [0x00000000e1480000, 0x00000000e14e9a80, 0x00000000e1590000)
  to   space 1088K,   0% used [0x00000000e1590000, 0x00000000e1590000, 0x00000000e16a0000)
 tenured generation   total 21888K, used 3973K [0x00000000eb2a0000, 0x00000000ec800000, 0x0000000100000000)
   the space 21888K,  18% used [0x00000000eb2a0000, 0x00000000eb681770, 0x00000000eb681800, 0x00000000ec800000)
 Metaspace       used 11882K, capacity 12150K, committed 12288K, reserved 1060864K
  class space    used 1366K, capacity 1435K, committed 1536K, reserved 1048576K
}

